#
# A fatal error has been detected by the Java Runtime Environment:
#
#  EXCEPTION_ACCESS_VIOLATION (0xc0000005) at pc=0x00007ffbdc9ffd0c, pid=9612, tid=0x0000000000002500
#
# JRE version: Java(TM) SE Runtime Environment (8.0_101-b13) (build 1.8.0_101-b13)
# Java VM: Java HotSpot(TM) 64-Bit Server VM (25.101-b13 mixed mode windows-amd64 compressed oops)
# Problematic frame:
# C  [d3d9.dll+0xfd0c]
#
# Failed to write core dump. Minidumps are not enabled by default on client versions of Windows
#
# If you would like to submit a bug report, please visit:
#   http://bugreport.java.com/bugreport/crash.jsp
# The crash happened outside the Java Virtual Machine in native code.
# See problematic frame for where to report the bug.
#

---------------  T H R E A D  ---------------

Current thread (0x00000000196ce800):  JavaThread "AWT-Windows" daemon [_thread_in_native, id=9472, stack(0x0000000019cb0000,0x0000000019db0000)]

siginfo: ExceptionCode=0xc0000005, writing address 0x0000000000000000

Registers:
RAX=0x0000000000000000, RBX=0x0000000019dadba0, RCX=0x0000000020b262e0, RDX=0x0000000019dae3b0
RSP=0x0000000019dadaf8, RBP=0x0000000019dade90, RSI=0x0000000000000001, RDI=0x0000000020b20640
R8 =0x0000000000000000, R9 =0x0000000000000000, R10=0x0000000020b270fc, R11=0x0000000000000246
R12=0x0000000000000001, R13=0x0000000019dae3b0, R14=0x0000000000000000, R15=0x0000000000000000
RIP=0x00007ffbdc9ffd0c, EFLAGS=0x0000000000010246

Top of Stack: (sp=0x0000000019dadaf8)
0x0000000019dadaf8:   00007ffbdca0167f 0000000019dadb58
0x0000000019dadb08:   0000000019dadb60 0000000000000594
0x0000000019dadb18:   0000000000010001 0000000000000000
0x0000000019dadb28:   0000000020b20640 0000000000000000
0x0000000019dadb38:   00007ffbdca176a6 0000000000000000
0x0000000019dadb48:   0000000000000000 0000000000000001
0x0000000019dadb58:   0000000000000001 0000000000000000
0x0000000019dadb68:   0000000000000000 0000000000005c88
0x0000000019dadb78:   0000000000005c90 0000000000000000
0x0000000019dadb88:   0000000019dadbd8 0000000000000000
0x0000000019dadb98:   000000000000001a 0000000000000000
0x0000000019dadba8:   0000000000000000 00000000224be340
0x0000000019dadbb8:   0000000020b262e0 0000000000000000
0x0000000019dadbc8:   0000000000ff85f8 0000000000000000
0x0000000019dadbd8:   0000000000000003 0000000000000000
0x0000000019dadbe8:   0000000000000000 0000000000000048 

Instructions: (pc=0x00007ffbdc9ffd0c)
0x00007ffbdc9ffcec:   e9 10 fe ff ff cc cc cc cc cc cc cc cc cc cc cc
0x00007ffbdc9ffcfc:   cc cc cc cc ff 25 00 00 00 00 c0 6a 01 80 01 00
0x00007ffbdc9ffd0c:   00 00 5c 24 20 55 56 57 41 54 41 55 41 56 41 57
0x00007ffbdc9ffd1c:   48 8d 6c 24 c0 48 81 ec 40 01 00 00 48 8b 05 a9 


Register to memory mapping:

RAX=0x0000000000000000 is an unknown value
RBX=0x0000000019dadba0 is pointing into the stack for thread: 0x00000000196ce800
RCX=0x0000000020b262e0 is an unknown value
RDX=0x0000000019dae3b0 is pointing into the stack for thread: 0x00000000196ce800
RSP=0x0000000019dadaf8 is pointing into the stack for thread: 0x00000000196ce800
RBP=0x0000000019dade90 is pointing into the stack for thread: 0x00000000196ce800
RSI=0x0000000000000001 is an unknown value
RDI=0x0000000020b20640 is an unknown value
R8 =0x0000000000000000 is an unknown value
R9 =0x0000000000000000 is an unknown value
R10=0x0000000020b270fc is an unknown value
R11=0x0000000000000246 is an unknown value
R12=0x0000000000000001 is an unknown value
R13=0x0000000019dae3b0 is pointing into the stack for thread: 0x00000000196ce800
R14=0x0000000000000000 is an unknown value
R15=0x0000000000000000 is an unknown value


Stack: [0x0000000019cb0000,0x0000000019db0000],  sp=0x0000000019dadaf8,  free space=1014k
Native frames: (J=compiled Java code, j=interpreted, Vv=VM code, C=native code)
C  [d3d9.dll+0xfd0c]
C  [d3d9.dll+0x1167f]
C  [d3d9.dll+0x276a6]
C  [d3d9.dll+0x2cb68]
C  [d3d9.dll+0x2a81e]
C  [awt.dll+0x19e3d]
C  [awt.dll+0x19f9b]
C  [awt.dll+0x1a94f]
C  [awt.dll+0x1e4d5]
C  [awt.dll+0x1b619]
C  0x0000000002e57f54

Java frames: (J=compiled Java code, j=interpreted, Vv=VM code)
j  sun.java2d.d3d.D3DGraphicsDevice.getDeviceCapsNative(I)I+0
j  sun.java2d.d3d.D3DGraphicsDevice.access$000(I)I+1
j  sun.java2d.d3d.D3DGraphicsDevice$1.run()V+8
v  ~StubRoutines::call_stub
j  sun.awt.windows.WToolkit.eventLoop()V+0
j  sun.awt.windows.WToolkit.run()V+58
j  java.lang.Thread.run()V+11
v  ~StubRoutines::call_stub

---------------  P R O C E S S  ---------------

Java Threads: ( => current thread )
=>0x00000000196ce800 JavaThread "AWT-Windows" daemon [_thread_in_native, id=9472, stack(0x0000000019cb0000,0x0000000019db0000)]
  0x00000000196cc000 JavaThread "AWT-Shutdown" [_thread_blocked, id=4876, stack(0x0000000019bb0000,0x0000000019cb0000)]
  0x00000000196cb800 JavaThread "Java2D Disposer" daemon [_thread_blocked, id=4456, stack(0x0000000019a60000,0x0000000019b60000)]
  0x0000000019334800 JavaThread "Service Thread" daemon [_thread_blocked, id=6732, stack(0x0000000019730000,0x0000000019830000)]
  0x0000000017a3b000 JavaThread "C1 CompilerThread2" daemon [_thread_blocked, id=8620, stack(0x0000000019230000,0x0000000019330000)]
  0x0000000017a38000 JavaThread "C2 CompilerThread1" daemon [_thread_blocked, id=8932, stack(0x0000000019130000,0x0000000019230000)]
  0x00000000179dc000 JavaThread "C2 CompilerThread0" daemon [_thread_blocked, id=8384, stack(0x0000000019030000,0x0000000019130000)]
  0x00000000179db000 JavaThread "Attach Listener" daemon [_thread_blocked, id=9276, stack(0x0000000018f30000,0x0000000019030000)]
  0x0000000002e3e800 JavaThread "Signal Dispatcher" daemon [_thread_blocked, id=852, stack(0x0000000018e30000,0x0000000018f30000)]
  0x0000000002e3a800 JavaThread "Finalizer" daemon [_thread_blocked, id=9812, stack(0x0000000018c40000,0x0000000018d40000)]
  0x00000000179a9000 JavaThread "Reference Handler" daemon [_thread_blocked, id=968, stack(0x0000000018b40000,0x0000000018c40000)]
  0x0000000002d40800 JavaThread "main" [_thread_in_native, id=10632, stack(0x0000000002c00000,0x0000000002d00000)]

Other Threads:
  0x00000000179a7000 VMThread [stack: 0x0000000018a40000,0x0000000018b40000] [id=7820]
  0x0000000019336000 WatcherThread [stack: 0x0000000019830000,0x0000000019930000] [id=11472]

VM state:not at safepoint (normal execution)

VM Mutex/Monitor currently owned by a thread: None

Heap:
 PSYoungGen      total 38400K, used 3995K [0x00000000d5a00000, 0x00000000d8480000, 0x0000000100000000)
  eden space 33280K, 12% used [0x00000000d5a00000,0x00000000d5de6f28,0x00000000d7a80000)
  from space 5120K, 0% used [0x00000000d7f80000,0x00000000d7f80000,0x00000000d8480000)
  to   space 5120K, 0% used [0x00000000d7a80000,0x00000000d7a80000,0x00000000d7f80000)
 ParOldGen       total 87552K, used 0K [0x0000000080e00000, 0x0000000086380000, 0x00000000d5a00000)
  object space 87552K, 0% used [0x0000000080e00000,0x0000000080e00000,0x0000000086380000)
 Metaspace       used 5412K, capacity 5604K, committed 5888K, reserved 1056768K
  class space    used 641K, capacity 697K, committed 768K, reserved 1048576K

Card table byte_map: [0x0000000012200000,0x0000000012600000] byte_map_base: 0x0000000011df9000

Marking Bits: (ParMarkBitMap*) 0x000000005545a6d0
 Begin Bits: [0x0000000012cb0000, 0x0000000014c78000)
 End Bits:   [0x0000000014c78000, 0x0000000016c40000)

Polling page: 0x0000000000f60000

CodeCache: size=245760Kb used=1584Kb max_used=1584Kb free=244175Kb
 bounds [0x0000000002e40000, 0x00000000030b0000, 0x0000000011e40000]
 total_blobs=576 nmethods=249 adapters=240
 compilation: enabled

Compilation events (10 events):
Event: 0.136 Thread 0x0000000017a3b000  244       3       java.util.HashMap$Node::<init> (26 bytes)
Event: 0.136 Thread 0x0000000017a3b000 nmethod 244 0x0000000002fc4810 code [0x0000000002fc4960, 0x0000000002fc4b50]
Event: 0.136 Thread 0x0000000017a3b000  245       3       java.util.HashMap::newNode (13 bytes)
Event: 0.136 Thread 0x0000000017a3b000 nmethod 245 0x0000000002fc4c10 code [0x0000000002fc4d80, 0x0000000002fc5030]
Event: 0.137 Thread 0x0000000017a3b000  246  s    1       java.util.Vector::size (5 bytes)
Event: 0.137 Thread 0x0000000017a3b000 nmethod 246 0x0000000002fc5150 code [0x0000000002fc52a0, 0x0000000002fc5510]
Event: 0.146 Thread 0x0000000017a3b000  247       1       java.lang.invoke.MethodTypeForm::basicType (5 bytes)
Event: 0.146 Thread 0x0000000017a3b000 nmethod 247 0x0000000002fcbc50 code [0x0000000002fcbda0, 0x0000000002fcbeb0]
Event: 0.162 Thread 0x0000000017a3b000  249       3       jdk.internal.org.objectweb.asm.ClassWriter::put122 (15 bytes)
Event: 0.163 Thread 0x0000000017a3b000 nmethod 249 0x0000000002fcc090 code [0x0000000002fcc200, 0x0000000002fcc3f8]

GC Heap History (0 events):
No events

Deoptimization events (0 events):
No events

Internal exceptions (10 events):
Event: 0.021 Thread 0x0000000002d40800 Exception <a 'java/lang/NoSuchMethodError': Method sun.misc.Unsafe.defineClass(Ljava/lang/String;[BII)Ljava/lang/Class; name or signature does not match> (0x00000000d5a07cc0) thrown at [C:\re\workspace\8-2-build-windows-amd64-cygwin\jdk8u101\7261\hotspot\s¿˙êëj˘ï?
Event: 0.021 Thread 0x0000000002d40800 Exception <a 'java/lang/NoSuchMethodError': Method sun.misc.Unsafe.prefetchRead(Ljava/lang/Object;J)V name or signature does not match> (0x00000000d5a07fa8) thrown at [C:\re\workspace\8-2-build-windows-amd64-cygwin\jdk8u101\7261\hotspot\src\share\vm\prims\VˆO~∆µ?
Event: 0.083 Thread 0x0000000002d40800 Exception <a 'java/security/PrivilegedActionException'> (0x00000000d5a90de0) thrown at [C:\re\workspace\8-2-build-windows-amd64-cygwin\jdk8u101\7261\hotspot\src\share\vm\prims\jvm.cpp, line 1386]
Event: 0.083 Thread 0x0000000002d40800 Exception <a 'java/security/PrivilegedActionException'> (0x00000000d5a90ff0) thrown at [C:\re\workspace\8-2-build-windows-amd64-cygwin\jdk8u101\7261\hotspot\src\share\vm\prims\jvm.cpp, line 1386]
Event: 0.083 Thread 0x0000000002d40800 Exception <a 'java/security/PrivilegedActionException'> (0x00000000d5a94c38) thrown at [C:\re\workspace\8-2-build-windows-amd64-cygwin\jdk8u101\7261\hotspot\src\share\vm\prims\jvm.cpp, line 1386]
Event: 0.083 Thread 0x0000000002d40800 Exception <a 'java/security/PrivilegedActionException'> (0x00000000d5a94e48) thrown at [C:\re\workspace\8-2-build-windows-amd64-cygwin\jdk8u101\7261\hotspot\src\share\vm\prims\jvm.cpp, line 1386]
Event: 0.089 Thread 0x0000000002d40800 Exception <a 'java/io/FileNotFoundException'> (0x00000000d5aa2f90) thrown at [C:\re\workspace\8-2-build-windows-amd64-cygwin\jdk8u101\7261\hotspot\src\share\vm\prims\jni.cpp, line 709]
Event: 0.112 Thread 0x0000000002d40800 Exception <a 'java/lang/NoSuchFieldError': method resolution failed> (0x00000000d5c17d88) thrown at [C:\re\workspace\8-2-build-windows-amd64-cygwin\jdk8u101\7261\hotspot\src\share\vm\prims\methodHandles.cpp, line 1146]
Event: 0.118 Thread 0x0000000002d40800 Exception <a 'java/lang/NoSuchFieldError': method resolution failed> (0x00000000d5c25430) thrown at [C:\re\workspace\8-2-build-windows-amd64-cygwin\jdk8u101\7261\hotspot\src\share\vm\prims\methodHandles.cpp, line 1146]
Event: 0.143 Thread 0x0000000002d40800 Exception <a 'java/io/FileNotFoundException'> (0x00000000d5cb93a8) thrown at [C:\re\workspace\8-2-build-windows-amd64-cygwin\jdk8u101\7261\hotspot\src\share\vm\prims\jni.cpp, line 709]

Events (10 events):
Event: 0.182 loading class sun/java2d/pipe/RenderQueue done
Event: 0.182 loading class sun/java2d/d3d/D3DRenderQueue done
Event: 0.182 loading class sun/java2d/pipe/RenderBuffer
Event: 0.182 loading class sun/java2d/pipe/RenderBuffer done
Event: 0.182 loading class sun/java2d/d3d/D3DRenderQueue$1
Event: 0.182 loading class sun/java2d/d3d/D3DRenderQueue$1 done
Event: 0.182 loading class sun/java2d/d3d/D3DGraphicsDevice$1Result
Event: 0.182 loading class sun/java2d/d3d/D3DGraphicsDevice$1Result done
Event: 0.182 loading class sun/java2d/d3d/D3DGraphicsDevice$1
Event: 0.182 loading class sun/java2d/d3d/D3DGraphicsDevice$1 done


Dynamic libraries:
0x00007ff6939a0000 - 0x00007ff6939d7000 	C:\Program Files\Java\jre1.8.0_101\bin\javaw.exe
0x00007ffc03750000 - 0x00007ffc0392b000 	C:\WINDOWS\SYSTEM32\ntdll.dll
0x00007ffc010a0000 - 0x00007ffc0114e000 	C:\WINDOWS\System32\KERNEL32.DLL
0x00007ffbfffa0000 - 0x00007ffc001e9000 	C:\WINDOWS\System32\KERNELBASE.dll
0x00007ffc03330000 - 0x00007ffc033d1000 	C:\WINDOWS\System32\ADVAPI32.dll
0x00007ffc01000000 - 0x00007ffc0109d000 	C:\WINDOWS\System32\msvcrt.dll
0x00007ffc00d40000 - 0x00007ffc00d99000 	C:\WINDOWS\System32\sechost.dll
0x00007ffc03060000 - 0x00007ffc03185000 	C:\WINDOWS\System32\RPCRT4.dll
0x00007ffc00db0000 - 0x00007ffc00efa000 	C:\WINDOWS\System32\USER32.dll
0x00007ffc001f0000 - 0x00007ffc0020e000 	C:\WINDOWS\System32\win32u.dll
0x00007ffc00d10000 - 0x00007ffc00d37000 	C:\WINDOWS\System32\GDI32.dll
0x00007ffc00970000 - 0x00007ffc00af8000 	C:\WINDOWS\System32\gdi32full.dll
0x00007ffbffc70000 - 0x00007ffbffd0a000 	C:\WINDOWS\System32\msvcp_win.dll
0x00007ffc00b00000 - 0x00007ffc00bf6000 	C:\WINDOWS\System32\ucrtbase.dll
0x00007ffbf74a0000 - 0x00007ffbf7707000 	C:\WINDOWS\WinSxS\amd64_microsoft.windows.common-controls_6595b64144ccf1df_6.0.15063.483_none_26002d27e7c744a2\COMCTL32.dll
0x00007ffc033e0000 - 0x00007ffc036d9000 	C:\WINDOWS\System32\combase.dll
0x00007ffbffee0000 - 0x00007ffbfff4a000 	C:\WINDOWS\System32\bcryptPrimitives.dll
0x00007ffc00f70000 - 0x00007ffc00f9d000 	C:\WINDOWS\System32\IMM32.DLL
0x0000000053d60000 - 0x0000000053e32000 	C:\Program Files\Java\jre1.8.0_101\bin\msvcr100.dll
0x0000000054c40000 - 0x00000000554da000 	C:\Program Files\Java\jre1.8.0_101\bin\server\jvm.dll
0x00007ffc02950000 - 0x00007ffc02958000 	C:\WINDOWS\System32\PSAPI.DLL
0x00007ffbf8320000 - 0x00007ffbf8329000 	C:\WINDOWS\SYSTEM32\WSOCK32.dll
0x00007ffc036e0000 - 0x00007ffc0374c000 	C:\WINDOWS\System32\WS2_32.dll
0x00007ffbfdd60000 - 0x00007ffbfdd83000 	C:\WINDOWS\SYSTEM32\WINMM.dll
0x00007ffbfb170000 - 0x00007ffbfb17a000 	C:\WINDOWS\SYSTEM32\VERSION.dll
0x00007ffbfdd00000 - 0x00007ffbfdd2b000 	C:\WINDOWS\SYSTEM32\WINMMBASE.dll
0x00007ffbfff50000 - 0x00007ffbfff99000 	C:\WINDOWS\System32\cfgmgr32.dll
0x0000000054b50000 - 0x0000000054b5f000 	C:\Program Files\Java\jre1.8.0_101\bin\verify.dll
0x0000000054b20000 - 0x0000000054b49000 	C:\Program Files\Java\jre1.8.0_101\bin\java.dll
0x0000000054b00000 - 0x0000000054b16000 	C:\Program Files\Java\jre1.8.0_101\bin\zip.dll
0x00007ffc013a0000 - 0x00007ffc027d7000 	C:\WINDOWS\System32\SHELL32.dll
0x00007ffc02fb0000 - 0x00007ffc0305a000 	C:\WINDOWS\System32\shcore.dll
0x00007ffc00270000 - 0x00007ffc00962000 	C:\WINDOWS\System32\windows.storage.dll
0x00007ffc00cb0000 - 0x00007ffc00d01000 	C:\WINDOWS\System32\shlwapi.dll
0x00007ffbffc50000 - 0x00007ffbffc61000 	C:\WINDOWS\System32\kernel.appcore.dll
0x00007ffbffc00000 - 0x00007ffbffc4c000 	C:\WINDOWS\System32\powrprof.dll
0x00007ffbffbe0000 - 0x00007ffbffbf5000 	C:\WINDOWS\System32\profapi.dll
0x0000000053bc0000 - 0x0000000053d58000 	C:\Program Files\Java\jre1.8.0_101\bin\awt.dll
0x00007ffc012e0000 - 0x00007ffc013a0000 	C:\WINDOWS\System32\OLEAUT32.dll
0x00007ffbfe280000 - 0x00007ffbfe2fe000 	C:\WINDOWS\SYSTEM32\apphelp.dll
0x00007ffbfe250000 - 0x00007ffbfe27a000 	C:\WINDOWS\system32\DWMAPI.DLL
0x00007ffbfe3e0000 - 0x00007ffbfe475000 	C:\WINDOWS\system32\uxtheme.dll
0x00007ffc02da0000 - 0x00007ffc02f06000 	C:\WINDOWS\System32\MSCTF.dll
0x0000000180000000 - 0x000000018006c000 	C:\Program Files (x86)\RivaTuner Statistics Server\RTSSHooks64.dll
0x00000000559d0000 - 0x0000000055a73000 	C:\WINDOWS\WinSxS\amd64_microsoft.vc90.crt_1fc8b3b9a1e18e3b_9.0.30729.9279_none_08e667efa83ba076\MSVCR90.dll
0x00007ffc027e0000 - 0x00007ffc02925000 	C:\WINDOWS\System32\ole32.dll
0x00007ffbdc9f0000 - 0x00007ffbdcb79000 	C:\WINDOWS\system32\d3d9.dll
0x00007ffbfad10000 - 0x00007ffbfadef000 	C:\WINDOWS\System32\DriverStore\FileRepository\nv_ref_pubwu.inf_amd64_f9309145156afb40\nvldumdx.dll
0x00007ffbffd10000 - 0x00007ffbffed9000 	C:\WINDOWS\System32\crypt32.dll
0x00007ffbffbc0000 - 0x00007ffbffbd1000 	C:\WINDOWS\System32\MSASN1.dll
0x00007ffc00210000 - 0x00007ffc00266000 	C:\WINDOWS\System32\WINTRUST.DLL
0x00007ffc02930000 - 0x00007ffc0294d000 	C:\WINDOWS\System32\imagehlp.dll
0x00007ffbff670000 - 0x00007ffbff687000 	C:\WINDOWS\SYSTEM32\CRYPTSP.dll
0x00007ffbff0f0000 - 0x00007ffbff124000 	C:\WINDOWS\system32\rsaenh.dll
0x00007ffbff780000 - 0x00007ffbff7a5000 	C:\WINDOWS\SYSTEM32\bcrypt.dll
0x00007ffbff690000 - 0x00007ffbff69b000 	C:\WINDOWS\SYSTEM32\CRYPTBASE.dll
0x00007ffbda900000 - 0x00007ffbdb915000 	C:\WINDOWS\System32\DriverStore\FileRepository\nv_ref_pubwu.inf_amd64_f9309145156afb40\nvd3dumx.dll
0x00007ffbf8140000 - 0x00007ffbf8315000 	C:\WINDOWS\system32\nvspcap64.dll
0x00007ffc02960000 - 0x00007ffc02d9b000 	C:\WINDOWS\System32\SETUPAPI.dll
0x00007ffbfc980000 - 0x00007ffbfc993000 	C:\WINDOWS\SYSTEM32\WTSAPI32.dll
0x00007ffbf8060000 - 0x00007ffbf8137000 	C:\WINDOWS\SYSTEM32\WINHTTP.dll
0x00007ffbf5410000 - 0x00007ffbf5831000 	C:\WINDOWS\system32\nvapi64.dll
0x00007ffbfea30000 - 0x00007ffbfead4000 	C:\WINDOWS\SYSTEM32\dxgi.dll
0x00007ffbfe680000 - 0x00007ffbfe6a8000 	C:\WINDOWS\SYSTEM32\DEVOBJ.dll
0x00007ffbfca70000 - 0x00007ffbfcb59000 	C:\Program Files (x86)\NVIDIA Corporation\3D Vision\nvSCPAPI64.dll
0x00007ffbeffa0000 - 0x00007ffbf0149000 	C:\WINDOWS\SYSTEM32\dbghelp.dll

VM Arguments:
jvm_args: -Dfile.encoding=Cp1252 
java_command: App
java_class_path (initial): C:\Myapps\My Journal Program - Third Java Project\bin;C:\Myapps\My Journal Program - Third Java Project\libs\joda-time-2.4.jar;C:\Myapps\My Journal Program - Third Java Project\jsoup-1.9.2.jar
Launcher Type: SUN_STANDARD

Environment Variables:
PATH=C:/Program Files/Java/jre1.8.0_101/bin/server;C:/Program Files/Java/jre1.8.0_101/bin;C:/Program Files/Java/jre1.8.0_101/lib/amd64;C:\Windows\system32;C:\Windows;C:\Windows\System32\Wbem;C:\Windows\System32\WindowsPowerShell\v1.0\;C:\Program Files (x86)\ATI Technologies\ATI.ACE\Core-Static;C:\Program Files (x86)\AMD\ATI.ACE\Core-Static;C:\Program Files (x86)\NVIDIA Corporation\PhysX\Common;C:\WINDOWS\system32;C:\WINDOWS;C:\WINDOWS\System32\Wbem;C:\WINDOWS\System32\WindowsPowerShell\v1.0\;C:\Program Files\Git\cmd;C:\TDM-GCC-64\bin;C:\Program Files\Microsoft SQL Server\130\Tools\Binn\;C:\Users\Alex\AppData\Local\Microsoft\WindowsApps;;C:\Users\Alex\Downloads\eclipse-java-neon-1a-win32-x86_64\eclipse;
USERNAME=Alex
OS=Windows_NT
PROCESSOR_IDENTIFIER=Intel64 Family 6 Model 60 Stepping 3, GenuineIntel



---------------  S Y S T E M  ---------------

OS: Windows 10.0 , 64 bit Build 15063 (10.0.15063.296)

CPU:total 4 (4 cores per cpu, 1 threads per core) family 6 model 60 stepping 3, cmov, cx8, fxsr, mmx, sse, sse2, sse3, ssse3, sse4.1, sse4.2, popcnt, avx, avx2, aes, clmul, erms, lzcnt, tsc, tscinvbit, bmi1, bmi2

Memory: 4k page, physical 8329120k(4488384k free), swap 10426272k(5864204k free)

vm_info: Java HotSpot(TM) 64-Bit Server VM (25.101-b13) for windows-amd64 JRE (1.8.0_101-b13), built on Jun 22 2016 01:21:29 by "java_re" with MS VC++ 10.0 (VS2010)

time: Wed Aug 02 12:20:58 2017
elapsed time: 0 seconds (0d 0h 0m 0s)

